Change Component Designator: Old Designator=C? New Designator=C400
Change Component Designator: Old Designator=C? New Designator=C401
Change Component Designator: Old Designator=C? New Designator=C402
Change Component Designator: Old Designator=C? New Designator=C403
Change Component Designator: Old Designator=D? New Designator=D400
Change Component Designator: Old Designator=D? New Designator=D401
Change Component Designator: Old Designator=DS? New Designator=DS400
Change Component Designator: Old Designator=J? New Designator=J400
Change Component Designator: Old Designator=J? New Designator=J401
Change Component Designator: Old Designator=K? New Designator=K400
Change Component Designator: Old Designator=K? New Designator=K401
Change Component Designator: Old Designator=Q? New Designator=Q400
Change Component Designator: Old Designator=Q? New Designator=Q401
Change Component Designator: Old Designator=R? New Designator=R400
Change Component Designator: Old Designator=R? New Designator=R401
Change Component Designator: Old Designator=R? New Designator=R402
Change Component Designator: Old Designator=R? New Designator=R403
Change Component Designator: Old Designator=SW? New Designator=SW400
Change Component Designator: Old Designator=SW? New Designator=SW401
Change Component Designator: Old Designator=U? New Designator=U400
