Change Component Designator: Old Designator=C400 New Designator=C?
Change Component Designator: Old Designator=C401 New Designator=C?
Change Component Designator: Old Designator=C402 New Designator=C?
Change Component Designator: Old Designator=C403 New Designator=C?
Change Component Designator: Old Designator=D400 New Designator=D?
Change Component Designator: Old Designator=D401 New Designator=D?
Change Component Designator: Old Designator=DS400 New Designator=DS?
Change Component Designator: Old Designator=J400 New Designator=J?
Change Component Designator: Old Designator=J401 New Designator=J?
Change Component Designator: Old Designator=K400 New Designator=K?
Change Component Designator: Old Designator=K401 New Designator=K?
Change Component Designator: Old Designator=Q400 New Designator=Q?
Change Component Designator: Old Designator=Q401 New Designator=Q?
Change Component Designator: Old Designator=R400 New Designator=R?
Change Component Designator: Old Designator=R401 New Designator=R?
Change Component Designator: Old Designator=R402 New Designator=R?
Change Component Designator: Old Designator=R403 New Designator=R?
Change Component Designator: Old Designator=SW400 New Designator=SW?
Change Component Designator: Old Designator=SW401 New Designator=SW?
Change Component Designator: Old Designator=U400 New Designator=U?
