Change Component Footprint: Designator=J400 Old Footprint=691102710002 New Footprint=691102710002
Change Component Footprint: Designator=J401 Old Footprint=691102710002 New Footprint=691102710002
Added Component: Designator=C200(CAP_0402)
Add component (AddParameter): Name = "Design Item ID"; Value = "CAP_0402"; VariantName = "[No Variations]"
Add component (AddParameter): Name = "Dielectric"; Value = ""; VariantName = "[No Variations]"
Add component (AddParameter): Name = "Distributor Link"; Value = ""; VariantName = "[No Variations]"
Add component (AddParameter): Name = "LCSC"; Value = ""; VariantName = "[No Variations]"
Add component (AddParameter): Name = "Manufacturer"; Value = ""; VariantName = "[No Variations]"
Add component (AddParameter): Name = "Manufacturer Part Number"; Value = ""; VariantName = "[No Variations]"
Add component (AddParameter): Name = "Rating"; Value = ""; VariantName = "[No Variations]"
Add component (AddParameter): Name = "Source"; Value = "Schematic-Lib-PhilsLab.SchLib"; VariantName = "[No Variations]"
Added Component: Designator=C201(CAP_0402)
Add component (AddParameter): Name = "Design Item ID"; Value = "CAP_0402"; VariantName = "[No Variations]"
Add component (AddParameter): Name = "Dielectric"; Value = ""; VariantName = "[No Variations]"
Add component (AddParameter): Name = "Distributor Link"; Value = ""; VariantName = "[No Variations]"
Add component (AddParameter): Name = "LCSC"; Value = ""; VariantName = "[No Variations]"
Add component (AddParameter): Name = "Manufacturer"; Value = ""; VariantName = "[No Variations]"
Add component (AddParameter): Name = "Manufacturer Part Number"; Value = ""; VariantName = "[No Variations]"
Add component (AddParameter): Name = "Rating"; Value = ""; VariantName = "[No Variations]"
Add component (AddParameter): Name = "Source"; Value = "Schematic-Lib-PhilsLab.SchLib"; VariantName = "[No Variations]"
Added Component: Designator=C204(CAP_0402)
Add component (AddParameter): Name = "Design Item ID"; Value = "CAP_0402"; VariantName = "[No Variations]"
Add component (AddParameter): Name = "Dielectric"; Value = ""; VariantName = "[No Variations]"
Add component (AddParameter): Name = "Distributor Link"; Value = ""; VariantName = "[No Variations]"
Add component (AddParameter): Name = "LCSC"; Value = ""; VariantName = "[No Variations]"
Add component (AddParameter): Name = "Manufacturer"; Value = ""; VariantName = "[No Variations]"
Add component (AddParameter): Name = "Manufacturer Part Number"; Value = ""; VariantName = "[No Variations]"
Add component (AddParameter): Name = "Rating"; Value = ""; VariantName = "[No Variations]"
Add component (AddParameter): Name = "Source"; Value = "Schematic-Lib-PhilsLab.SchLib"; VariantName = "[No Variations]"
Added Pin To Net: NetName=GND Pin=C200-1
Added Pin To Net: NetName=+VBUS_FILT Pin=C200-2
Added Pin To Net: NetName=GND Pin=C201-1
Added Pin To Net: NetName=+3V3 Pin=C201-2
Added Pin To Net: NetName=GND Pin=C204-1
Added Pin To Net: NetName=NetC204_2 Pin=C204-2
Added Member To Class: ClassName=3_STM32KIT_Power Member=Component C200 10uF
Added Member To Class: ClassName=3_STM32KIT_Power Member=Component C201 10uF
Added Member To Class: ClassName=3_STM32KIT_Power Member=Component C204 100nF
